Using pre-set license
Built from '2022.3/staging' branch; Version is '2022.3.11f1 (d00248457e15) revision 13632072'; Using compiler version '192829333'; Build Type 'Release'
OS: 'Windows 10  (10.0.19045) 64bit Professional' Language: 'de' Physical Memory: 16333 MB
BatchMode: 1, IsHumanControllingUs: 0, StartBugReporterOnCrash: 0, Is64bit: 1, IsPro: 1

COMMAND LINE ARGUMENTS:
C:\Program Files\Unity\Hub\Editor\2022.3.11f1\Editor\Unity.exe
-adb2
-batchMode
-noUpm
-name
AssetImportWorker6
-projectPath
D:/GAME DEVELOPING/SPIELE/OWN GAMES/UNITY/Projekte/WaterGame
-logFile
Logs/AssetImportWorker6.log
-srvPort
53745
Successfully changed project path to: D:/GAME DEVELOPING/SPIELE/OWN GAMES/UNITY/Projekte/WaterGame
D:/GAME DEVELOPING/SPIELE/OWN GAMES/UNITY/Projekte/WaterGame
[UnityMemory] Configuration Parameters - Can be set up in boot.config
    "memorysetup-bucket-allocator-granularity=16"
    "memorysetup-bucket-allocator-bucket-count=8"
    "memorysetup-bucket-allocator-block-size=33554432"
    "memorysetup-bucket-allocator-block-count=8"
    "memorysetup-main-allocator-block-size=16777216"
    "memorysetup-thread-allocator-block-size=16777216"
    "memorysetup-gfx-main-allocator-block-size=16777216"
    "memorysetup-gfx-thread-allocator-block-size=16777216"
    "memorysetup-cache-allocator-block-size=4194304"
    "memorysetup-typetree-allocator-block-size=2097152"
    "memorysetup-profiler-bucket-allocator-granularity=16"
    "memorysetup-profiler-bucket-allocator-bucket-count=8"
    "memorysetup-profiler-bucket-allocator-block-size=33554432"
    "memorysetup-profiler-bucket-allocator-block-count=8"
    "memorysetup-profiler-allocator-block-size=16777216"
    "memorysetup-profiler-editor-allocator-block-size=1048576"
    "memorysetup-temp-allocator-size-main=16777216"
    "memorysetup-job-temp-allocator-block-size=2097152"
    "memorysetup-job-temp-allocator-block-size-background=1048576"
    "memorysetup-job-temp-allocator-reduction-small-platforms=262144"
    "memorysetup-allocator-temp-initial-block-size-main=262144"
    "memorysetup-allocator-temp-initial-block-size-worker=262144"
    "memorysetup-temp-allocator-size-background-worker=32768"
    "memorysetup-temp-allocator-size-job-worker=262144"
    "memorysetup-temp-allocator-size-preload-manager=33554432"
    "memorysetup-temp-allocator-size-nav-mesh-worker=65536"
    "memorysetup-temp-allocator-size-audio-worker=65536"
    "memorysetup-temp-allocator-size-cloud-worker=32768"
    "memorysetup-temp-allocator-size-gi-baking-worker=262144"
    "memorysetup-temp-allocator-size-gfx=262144"
Player connection [12076] Host "[IP] 192.168.178.68 [Port] 0 [Flags] 2 [Guid] 747614674 [EditorId] 747614674 [Version] 1048832 [Id] WindowsEditor(7,DESKTOP-84H9ACS) [Debug] 1 [PackageName] WindowsEditor [ProjectName] Editor" joined multi-casting on [225.0.0.222:54997]...

Player connection [12076] Host "[IP] 192.168.178.68 [Port] 0 [Flags] 2 [Guid] 747614674 [EditorId] 747614674 [Version] 1048832 [Id] WindowsEditor(7,DESKTOP-84H9ACS) [Debug] 1 [PackageName] WindowsEditor [ProjectName] Editor" joined alternative multi-casting on [225.0.0.222:34997]...

[Physics::Module] Initialized MultithreadedJobDispatcher with 15 workers.
Refreshing native plugins compatible for Editor in 7.22 ms, found 3 plugins.
Preloading 0 native plugins for Editor in 0.00 ms.
Initialize engine version: 2022.3.11f1 (d00248457e15)
[Subsystems] Discovering subsystems at path C:/Program Files/Unity/Hub/Editor/2022.3.11f1/Editor/Data/Resources/UnitySubsystems
[Subsystems] Discovering subsystems at path D:/GAME DEVELOPING/SPIELE/OWN GAMES/UNITY/Projekte/WaterGame/Assets
GfxDevice: creating device client; threaded=0; jobified=0
Direct3D:
    Version:  Direct3D 11.0 [level 11.1]
    Renderer: NVIDIA GeForce RTX 2080 SUPER (ID=0x1e81)
    Vendor:   NVIDIA
    VRAM:     8001 MB
    Driver:   31.0.15.3758
Initialize mono
Mono path[0] = 'C:/Program Files/Unity/Hub/Editor/2022.3.11f1/Editor/Data/Managed'
Mono path[1] = 'C:/Program Files/Unity/Hub/Editor/2022.3.11f1/Editor/Data/MonoBleedingEdge/lib/mono/unityjit-win32'
Mono config path = 'C:/Program Files/Unity/Hub/Editor/2022.3.11f1/Editor/Data/MonoBleedingEdge/etc'
Using monoOptions --debugger-agent=transport=dt_socket,embedding=1,server=y,suspend=n,address=127.0.0.1:56828
Begin MonoManager ReloadAssembly
Registering precompiled unity dll's ...
Register platform support module: C:/Program Files/Unity/Hub/Editor/2022.3.11f1/Editor/Data/PlaybackEngines/WindowsStandaloneSupport/UnityEditor.WindowsStandalone.Extensions.dll
Registered in 0.012226 seconds.
- Loaded All Assemblies, in  0.344 seconds
Native extension for WindowsStandalone target not found
Mono: successfully reloaded assembly
- Finished resetting the current domain, in  0.253 seconds
Domain Reload Profiling: 594ms
	BeginReloadAssembly (110ms)
		ExecutionOrderSort (0ms)
		DisableScriptedObjects (0ms)
		BackupInstance (0ms)
		ReleaseScriptingObjects (0ms)
		CreateAndSetChildDomain (1ms)
	RebuildCommonClasses (34ms)
	RebuildNativeTypeToScriptingClass (11ms)
	initialDomainReloadingComplete (63ms)
	LoadAllAssembliesAndSetupDomain (123ms)
		LoadAssemblies (107ms)
		RebuildTransferFunctionScriptingTraits (0ms)
		AnalyzeDomain (122ms)
			TypeCache.Refresh (120ms)
				TypeCache.ScanAssembly (108ms)
			ScanForSourceGeneratedMonoScriptInfo (0ms)
			ResolveRequiredComponents (0ms)
	FinalizeReload (253ms)
		ReleaseScriptCaches (0ms)
		RebuildScriptCaches (0ms)
		SetupLoadedEditorAssemblies (199ms)
			LogAssemblyErrors (0ms)
			InitializePlatformSupportModulesInManaged (9ms)
			SetLoadedEditorAssemblies (7ms)
			RefreshPlugins (0ms)
			BeforeProcessingInitializeOnLoad (2ms)
			ProcessInitializeOnLoadAttributes (115ms)
			ProcessInitializeOnLoadMethodAttributes (66ms)
			AfterProcessingInitializeOnLoad (0ms)
			EditorAssembliesLoaded (0ms)
		ExecutionOrderSort2 (0ms)
		AwakeInstancesAfterBackupRestoration (0ms)
========================================================================
Worker process is ready to serve import requests
Begin MonoManager ReloadAssembly
- Loaded All Assemblies, in  0.602 seconds
Refreshing native plugins compatible for Editor in 2.48 ms, found 3 plugins.
Native extension for WindowsStandalone target not found
Package Manager log level set to [2]
[Package Manager] Server::EnsureServerProcessIsRunning -- launch failed, reason: Unity was launched with the -noUpm command-line argument
[Package Manager] UpmClient::Send -- Unable to send message (not connected to UPM process).
[Package Manager] Cannot connect to Unity Package Manager local server
Mono: successfully reloaded assembly
- Finished resetting the current domain, in  0.677 seconds
Domain Reload Profiling: 1277ms
	BeginReloadAssembly (152ms)
		ExecutionOrderSort (0ms)
		DisableScriptedObjects (5ms)
		BackupInstance (0ms)
		ReleaseScriptingObjects (0ms)
		CreateAndSetChildDomain (21ms)
	RebuildCommonClasses (34ms)
	RebuildNativeTypeToScriptingClass (11ms)
	initialDomainReloadingComplete (44ms)
	LoadAllAssembliesAndSetupDomain (359ms)
		LoadAssemblies (288ms)
		RebuildTransferFunctionScriptingTraits (0ms)
		AnalyzeDomain (164ms)
			TypeCache.Refresh (145ms)
				TypeCache.ScanAssembly (132ms)
			ScanForSourceGeneratedMonoScriptInfo (14ms)
			ResolveRequiredComponents (3ms)
	FinalizeReload (677ms)
		ReleaseScriptCaches (0ms)
		RebuildScriptCaches (0ms)
		SetupLoadedEditorAssemblies (543ms)
			LogAssemblyErrors (0ms)
			InitializePlatformSupportModulesInManaged (8ms)
			SetLoadedEditorAssemblies (4ms)
			RefreshPlugins (0ms)
			BeforeProcessingInitializeOnLoad (59ms)
			ProcessInitializeOnLoadAttributes (445ms)
			ProcessInitializeOnLoadMethodAttributes (17ms)
			AfterProcessingInitializeOnLoad (11ms)
			EditorAssembliesLoaded (0ms)
		ExecutionOrderSort2 (0ms)
		AwakeInstancesAfterBackupRestoration (8ms)
Launched and connected shader compiler UnityShaderCompiler.exe after 0.05 seconds
Refreshing native plugins compatible for Editor in 3.21 ms, found 3 plugins.
Preloading 0 native plugins for Editor in 0.00 ms.
Unloading 3087 Unused Serialized files (Serialized files now loaded: 0)
Unloading 32 unused Assets / (56.8 KB). Loaded Objects now: 3550.
Memory consumption went from 121.4 MB to 121.3 MB.
Total: 3.042900 ms (FindLiveObjects: 0.320300 ms CreateObjectMapping: 0.089500 ms MarkObjects: 2.540300 ms  DeleteObjects: 0.091800 ms)

AssetImportParameters requested are different than current active one (requested -> active):
  custom:container-demuxer-ogg: 62fdf1f143b41e24485cea50d1cbac27 -> 
  custom:video-decoder-ogg-theora: a1e56fd34408186e4bbccfd4996cb3dc -> 
  custom:framework-win-MediaFoundation: 216162199b28c13a410421893ffa2e32 -> 
  custom:CustomObjectIndexerAttribute: 756ad292c208cfabdd7b50bc23989ffe -> 
  custom:container-demuxer-webm: 4f35f7cbe854078d1ac9338744f61a02 -> 
  custom:container-muxer-webm: aa71ff27fc2769a1b78a27578f13a17b -> 
  custom:video-decoder-webm-vp8: 9c59270c3fd7afecdb556c50c9e8de78 -> 
  custom:SearchIndexIgnoredProperties: e643bd26f0fe6173181afceb89e7c659 -> 
  custom:AudioImporter_EditorPlatform: d09bf68614088b80899f8185d706f6e7 -> 
  custom:video-encoder-webm-vp8: eb34c28f22e8b96e1ab97ce403110664 -> 
  custom:audio-decoder-ogg-vorbis: bf7c407c2cedff20999df2af8eb42d56 -> 
  custom:audio-encoder-webm-vorbis: bf7c407c2cedff20999df2af8eb42d56 -> 
  custom:scripting/monoscript/fileName/Fish.cs: a6541b35be6a487dd018c2f58fc36e69 -> 
========================================================================
Received Import Request.
  Time since last request: 154833.991883 seconds.
  path: Assets/MODELS/Quirky Series Ultimate/Quirky Series Vol.2/River Vol.1/Animations/Frog_Animations.fbx
  artifactKey: Guid(3b83f0f6cc95c0a47a86664d6552ef20) Importer(815301076,1909f56bfc062723c751e8b465ee728b)
Start importing Assets/MODELS/Quirky Series Ultimate/Quirky Series Vol.2/River Vol.1/Animations/Frog_Animations.fbx using Guid(3b83f0f6cc95c0a47a86664d6552ef20) Importer(815301076,1909f56bfc062723c751e8b465ee728b)  -> (artifact id: 'bd968defc54a1ff07293434adca2def7') in 0.115584 seconds
Number of updated asset objects reloaded before import = 0
Number of asset objects unloaded after import = 44
========================================================================
Received Import Request.
  Time since last request: 0.010925 seconds.
  path: Assets/MODELS/Quirky Series Ultimate/Quirky Series Vol.2/River Vol.1/Animations/SnappingTurtle_Animations.fbx
  artifactKey: Guid(30c0a24f5c3c1fc4ea1dd5ad97c459f1) Importer(815301076,1909f56bfc062723c751e8b465ee728b)
Start importing Assets/MODELS/Quirky Series Ultimate/Quirky Series Vol.2/River Vol.1/Animations/SnappingTurtle_Animations.fbx using Guid(30c0a24f5c3c1fc4ea1dd5ad97c459f1) Importer(815301076,1909f56bfc062723c751e8b465ee728b)  -> (artifact id: '394c0484da77ff68476cdcdee064b6ee') in 0.077795 seconds
Number of updated asset objects reloaded before import = 0
Number of asset objects unloaded after import = 48
========================================================================
Received Import Request.
  Time since last request: 34.048145 seconds.
  path: Assets/MODELS/Quirky Series Ultimate/Quirky Series Vol.1/Arctic Vol.1/Models/SeaLion_LOD1.fbx
  artifactKey: Guid(6ee18fe727c9dee49b86353a72a1d383) Importer(815301076,1909f56bfc062723c751e8b465ee728b)
Start importing Assets/MODELS/Quirky Series Ultimate/Quirky Series Vol.1/Arctic Vol.1/Models/SeaLion_LOD1.fbx using Guid(6ee18fe727c9dee49b86353a72a1d383) Importer(815301076,1909f56bfc062723c751e8b465ee728b)  -> (artifact id: 'b915f77bd0f9decf825fe2056b736aac') in 0.084612 seconds
Number of updated asset objects reloaded before import = 0
Number of asset objects unloaded after import = 22
========================================================================
Received Import Request.
  Time since last request: 0.000021 seconds.
  path: Assets/MODELS/Quirky Series Ultimate/Quirky Series Vol.1/Arctic Vol.1/Models/Walrus_LOD0.fbx
  artifactKey: Guid(2a49f8814b046224d9a3d1f4c00f69b3) Importer(815301076,1909f56bfc062723c751e8b465ee728b)
Start importing Assets/MODELS/Quirky Series Ultimate/Quirky Series Vol.1/Arctic Vol.1/Models/Walrus_LOD0.fbx using Guid(2a49f8814b046224d9a3d1f4c00f69b3) Importer(815301076,1909f56bfc062723c751e8b465ee728b)  -> (artifact id: '3b2c53ee40b960b994a0500ea2678761') in 0.073554 seconds
Number of updated asset objects reloaded before import = 0
Number of asset objects unloaded after import = 24
========================================================================
Received Import Request.
  Time since last request: 0.000023 seconds.
  path: Assets/MODELS/Quirky Series Ultimate/Quirky Series Vol.1/Arctic Vol.1/Models/Walrus_LOD1.fbx
  artifactKey: Guid(86b1602bf98626d4ebba6beb1f00433e) Importer(815301076,1909f56bfc062723c751e8b465ee728b)
Start importing Assets/MODELS/Quirky Series Ultimate/Quirky Series Vol.1/Arctic Vol.1/Models/Walrus_LOD1.fbx using Guid(86b1602bf98626d4ebba6beb1f00433e) Importer(815301076,1909f56bfc062723c751e8b465ee728b)  -> (artifact id: 'a2730dff3d2d932c49ff6fdabbdb3cd7') in 0.061391 seconds
Number of updated asset objects reloaded before import = 0
Number of asset objects unloaded after import = 24
========================================================================
Received Import Request.
  Time since last request: 14.066528 seconds.
  path: Assets/MODELS/Quirky Series Ultimate/Quirky Series Vol.3/Animations/Narwhal_Animations.fbx
  artifactKey: Guid(fd326ce73657ff54ab7f232422c014ac) Importer(815301076,1909f56bfc062723c751e8b465ee728b)
Start importing Assets/MODELS/Quirky Series Ultimate/Quirky Series Vol.3/Animations/Narwhal_Animations.fbx using Guid(fd326ce73657ff54ab7f232422c014ac) Importer(815301076,1909f56bfc062723c751e8b465ee728b)  -> (artifact id: 'c833c02f3fee505f74bd244a08567e37') in 0.067820 seconds
Number of updated asset objects reloaded before import = 0
Number of asset objects unloaded after import = 44
========================================================================
Received Import Request.
  Time since last request: 6.792450 seconds.
  path: Assets/MODELS/Quirky Series Ultimate/Quirky Series Vol.4/River Vol.2/Animations/Bass_Animations.fbx
  artifactKey: Guid(1764493bdbbf81e40bb2d7788d4ba097) Importer(815301076,1909f56bfc062723c751e8b465ee728b)
Start importing Assets/MODELS/Quirky Series Ultimate/Quirky Series Vol.4/River Vol.2/Animations/Bass_Animations.fbx using Guid(1764493bdbbf81e40bb2d7788d4ba097) Importer(815301076,1909f56bfc062723c751e8b465ee728b)  -> (artifact id: 'acfa221cb5dff531914ff7030bbcd7e6') in 0.091462 seconds
Number of updated asset objects reloaded before import = 0
Number of asset objects unloaded after import = 52
========================================================================
Received Import Request.
  Time since last request: 0.091297 seconds.
  path: Assets/MODELS/Quirky Series Ultimate/Quirky Series Vol.4/River Vol.2/Animations/Otter_Animations.fbx
  artifactKey: Guid(f560caff227ac7e4eb16f5dbda8d71eb) Importer(815301076,1909f56bfc062723c751e8b465ee728b)
Start importing Assets/MODELS/Quirky Series Ultimate/Quirky Series Vol.4/River Vol.2/Animations/Otter_Animations.fbx using Guid(f560caff227ac7e4eb16f5dbda8d71eb) Importer(815301076,1909f56bfc062723c751e8b465ee728b)  -> (artifact id: '01f00fb53f7923523d340c4f4d4872cb') in 0.102654 seconds
Number of updated asset objects reloaded before import = 0
Number of asset objects unloaded after import = 52
========================================================================
Received Import Request.
  Time since last request: 0.014090 seconds.
  path: Assets/MODELS/Quirky Series Ultimate/Quirky Series Vol.4/River Vol.2/Animations/RiverDolphin_Animations.fbx
  artifactKey: Guid(f24d7f0961345274a9bb1b2f57082672) Importer(815301076,1909f56bfc062723c751e8b465ee728b)
Start importing Assets/MODELS/Quirky Series Ultimate/Quirky Series Vol.4/River Vol.2/Animations/RiverDolphin_Animations.fbx using Guid(f24d7f0961345274a9bb1b2f57082672) Importer(815301076,1909f56bfc062723c751e8b465ee728b)  -> (artifact id: 'b41b94894861de0c093a930dbd8e2597') in 0.121576 seconds
Number of updated asset objects reloaded before import = 0
Number of asset objects unloaded after import = 46
========================================================================
Received Import Request.
  Time since last request: 7.803791 seconds.
  path: Assets/MODELS/Quirky Series Ultimate/Quirky Series Vol.4/Sea Vol.2/Animations/Octopus_Animations.fbx
  artifactKey: Guid(25ad57180a90d8e4593b445584860267) Importer(815301076,1909f56bfc062723c751e8b465ee728b)
Start importing Assets/MODELS/Quirky Series Ultimate/Quirky Series Vol.4/Sea Vol.2/Animations/Octopus_Animations.fbx using Guid(25ad57180a90d8e4593b445584860267) Importer(815301076,1909f56bfc062723c751e8b465ee728b)  -> (artifact id: '9ae9fea9c30007b4e7a41a1123a58c0c') in 0.287639 seconds
Number of updated asset objects reloaded before import = 0
Number of asset objects unloaded after import = 68
========================================================================
Received Import Request.
  Time since last request: 0.000019 seconds.
  path: Assets/MODELS/Quirky Series Ultimate/Quirky Series Vol.4/Sea Vol.2/Animations/Sardine_Animations.fbx
  artifactKey: Guid(700149af31bba694a87951ba35103457) Importer(815301076,1909f56bfc062723c751e8b465ee728b)
Start importing Assets/MODELS/Quirky Series Ultimate/Quirky Series Vol.4/Sea Vol.2/Animations/Sardine_Animations.fbx using Guid(700149af31bba694a87951ba35103457) Importer(815301076,1909f56bfc062723c751e8b465ee728b)  -> (artifact id: '457b338c99827e10afbe6ecc5bc8884b') in 0.097101 seconds
Number of updated asset objects reloaded before import = 0
Number of asset objects unloaded after import = 50
========================================================================
Received Import Request.
  Time since last request: 0.039190 seconds.
  path: Assets/MODELS/Quirky Series Ultimate/Quirky Series Vol.4/Sea Vol.2/Animations/Whale_Animations.fbx
  artifactKey: Guid(0032f97157097554f9dac6f88c3a4573) Importer(815301076,1909f56bfc062723c751e8b465ee728b)
Start importing Assets/MODELS/Quirky Series Ultimate/Quirky Series Vol.4/Sea Vol.2/Animations/Whale_Animations.fbx using Guid(0032f97157097554f9dac6f88c3a4573) Importer(815301076,1909f56bfc062723c751e8b465ee728b)  -> (artifact id: '6e725f3b407772aa5c5eb6df3e43db9f') in 0.035477 seconds
Number of updated asset objects reloaded before import = 0
Number of asset objects unloaded after import = 44
========================================================================
Received Import Request.
  Time since last request: 16.668335 seconds.
  path: Assets/MODELS/Quirky Series Ultimate/Quirky Series Vol.4/Sea Vol.2/Models/Jellyfish_LOD1.fbx
  artifactKey: Guid(0c43bcde070f7b84d92ad4060c44362f) Importer(815301076,1909f56bfc062723c751e8b465ee728b)
Start importing Assets/MODELS/Quirky Series Ultimate/Quirky Series Vol.4/Sea Vol.2/Models/Jellyfish_LOD1.fbx using Guid(0c43bcde070f7b84d92ad4060c44362f) Importer(815301076,1909f56bfc062723c751e8b465ee728b)  -> (artifact id: 'a50f012105619e93704c36bdb6166f02') in 0.221839 seconds
Number of updated asset objects reloaded before import = 0
Number of asset objects unloaded after import = 48
========================================================================
Received Import Request.
  Time since last request: 0.000017 seconds.
  path: Assets/MODELS/Quirky Series Ultimate/Quirky Series Vol.4/Sea Vol.2/Models/Jellyfish_LOD3.fbx
  artifactKey: Guid(0e50d236d777b1740b394651b0680616) Importer(815301076,1909f56bfc062723c751e8b465ee728b)
Start importing Assets/MODELS/Quirky Series Ultimate/Quirky Series Vol.4/Sea Vol.2/Models/Jellyfish_LOD3.fbx using Guid(0e50d236d777b1740b394651b0680616) Importer(815301076,1909f56bfc062723c751e8b465ee728b)  -> (artifact id: '66bfdd82178353461db1d2e2334aa195') in 0.102779 seconds
Number of updated asset objects reloaded before import = 0
Number of asset objects unloaded after import = 48
========================================================================
Received Import Request.
  Time since last request: 0.077138 seconds.
  path: Assets/MODELS/Quirky Series Ultimate/Quirky Series Vol.4/Sea Vol.2/Models/Octopus_LOD1.fbx
  artifactKey: Guid(9e79f93c826038942ba897af197f97f0) Importer(815301076,1909f56bfc062723c751e8b465ee728b)
Start importing Assets/MODELS/Quirky Series Ultimate/Quirky Series Vol.4/Sea Vol.2/Models/Octopus_LOD1.fbx using Guid(9e79f93c826038942ba897af197f97f0) Importer(815301076,1909f56bfc062723c751e8b465ee728b)  -> (artifact id: '84c3dddde5d26fe12ad551866eb135e0') in 0.218186 seconds
Number of updated asset objects reloaded before import = 0
Number of asset objects unloaded after import = 48
========================================================================
Received Import Request.
  Time since last request: 0.000016 seconds.
  path: Assets/MODELS/Quirky Series Ultimate/Quirky Series Vol.4/Sea Vol.2/Models/Octopus_LOD3.fbx
  artifactKey: Guid(f1fa6d36eac54eb4ea0bc6e87f5e6764) Importer(815301076,1909f56bfc062723c751e8b465ee728b)
Start importing Assets/MODELS/Quirky Series Ultimate/Quirky Series Vol.4/Sea Vol.2/Models/Octopus_LOD3.fbx using Guid(f1fa6d36eac54eb4ea0bc6e87f5e6764) Importer(815301076,1909f56bfc062723c751e8b465ee728b)  -> (artifact id: '30ec009330c59cd5f75eb0d7cddaa068') in 0.113177 seconds
Number of updated asset objects reloaded before import = 0
Number of asset objects unloaded after import = 48
========================================================================
Received Import Request.
  Time since last request: 0.146027 seconds.
  path: Assets/MODELS/Quirky Series Ultimate/Quirky Series Vol.4/Sea Vol.2/Models/Prawn_LOD1.fbx
  artifactKey: Guid(11a66c8d70e20304bbba13abd4ff34dd) Importer(815301076,1909f56bfc062723c751e8b465ee728b)
Start importing Assets/MODELS/Quirky Series Ultimate/Quirky Series Vol.4/Sea Vol.2/Models/Prawn_LOD1.fbx using Guid(11a66c8d70e20304bbba13abd4ff34dd) Importer(815301076,1909f56bfc062723c751e8b465ee728b)  -> (artifact id: '39a3afb72513486f3d729270c4e89b0a') in 0.228937 seconds
Number of updated asset objects reloaded before import = 0
Number of asset objects unloaded after import = 56
========================================================================
Received Import Request.
  Time since last request: 0.000017 seconds.
  path: Assets/MODELS/Quirky Series Ultimate/Quirky Series Vol.4/Sea Vol.2/Models/Salmon_LOD0.fbx
  artifactKey: Guid(987782ebbd3719a4c96c77ec59e6a422) Importer(815301076,1909f56bfc062723c751e8b465ee728b)
Start importing Assets/MODELS/Quirky Series Ultimate/Quirky Series Vol.4/Sea Vol.2/Models/Salmon_LOD0.fbx using Guid(987782ebbd3719a4c96c77ec59e6a422) Importer(815301076,1909f56bfc062723c751e8b465ee728b)  -> (artifact id: '5d9eeb94bbecca1e6a259bad43673234') in 0.370238 seconds
Number of updated asset objects reloaded before import = 0
Number of asset objects unloaded after import = 30
========================================================================
Received Import Request.
  Time since last request: 0.154429 seconds.
  path: Assets/MODELS/Quirky Series Ultimate/Quirky Series Vol.4/Sea Vol.2/Models/Sardine_LOD2.fbx
  artifactKey: Guid(001a2552e2e5e58488fd872e4c577c5d) Importer(815301076,1909f56bfc062723c751e8b465ee728b)
Start importing Assets/MODELS/Quirky Series Ultimate/Quirky Series Vol.4/Sea Vol.2/Models/Sardine_LOD2.fbx using Guid(001a2552e2e5e58488fd872e4c577c5d) Importer(815301076,1909f56bfc062723c751e8b465ee728b)  -> (artifact id: 'ae936da2efb77d65a25bbec91c85ed0c') in 0.114761 seconds
Number of updated asset objects reloaded before import = 0
Number of asset objects unloaded after import = 30
========================================================================
Received Import Request.
  Time since last request: 0.043693 seconds.
  path: Assets/MODELS/Quirky Series Ultimate/Quirky Series Vol.4/Sea Vol.2/Models/Seagull_LOD1.fbx
  artifactKey: Guid(7e62ee3e2681d4f4ba9ef08037589d71) Importer(815301076,1909f56bfc062723c751e8b465ee728b)
Start importing Assets/MODELS/Quirky Series Ultimate/Quirky Series Vol.4/Sea Vol.2/Models/Seagull_LOD1.fbx using Guid(7e62ee3e2681d4f4ba9ef08037589d71) Importer(815301076,1909f56bfc062723c751e8b465ee728b)  -> (artifact id: 'a46fcfdb7545f9aa503e4b7e765bc3b7') in 0.355459 seconds
Number of updated asset objects reloaded before import = 0
Number of asset objects unloaded after import = 32
========================================================================
Received Import Request.
  Time since last request: 0.000016 seconds.
  path: Assets/MODELS/Quirky Series Ultimate/Quirky Series Vol.4/Sea Vol.2/Models/Seagull_LOD3.fbx
  artifactKey: Guid(48c7febb91b73d04fa5994577d8f3337) Importer(815301076,1909f56bfc062723c751e8b465ee728b)
Start importing Assets/MODELS/Quirky Series Ultimate/Quirky Series Vol.4/Sea Vol.2/Models/Seagull_LOD3.fbx using Guid(48c7febb91b73d04fa5994577d8f3337) Importer(815301076,1909f56bfc062723c751e8b465ee728b)  -> (artifact id: 'cce188a55e0100ef73ce745a599f0859') in 0.076762 seconds
Number of updated asset objects reloaded before import = 0
Number of asset objects unloaded after import = 32
========================================================================
Received Import Request.
  Time since last request: 0.045043 seconds.
  path: Assets/MODELS/Quirky Series Ultimate/Quirky Series Vol.4/Sea Vol.2/Models/Tuna_LOD2.fbx
  artifactKey: Guid(0048e9d685a295346ad069fe9847983b) Importer(815301076,1909f56bfc062723c751e8b465ee728b)
Start importing Assets/MODELS/Quirky Series Ultimate/Quirky Series Vol.4/Sea Vol.2/Models/Tuna_LOD2.fbx using Guid(0048e9d685a295346ad069fe9847983b) Importer(815301076,1909f56bfc062723c751e8b465ee728b)  -> (artifact id: '2e5206d94fd817479d0d63ae77ddc07b') in 0.170703 seconds
Number of updated asset objects reloaded before import = 0
Number of asset objects unloaded after import = 32
========================================================================
Received Import Request.
  Time since last request: 0.000020 seconds.
  path: Assets/MODELS/Quirky Series Ultimate/Quirky Series Vol.4/Sea Vol.2/Models/Whale_LOD0.fbx
  artifactKey: Guid(bc740a2107f16d44d8ce9dedda02cde9) Importer(815301076,1909f56bfc062723c751e8b465ee728b)
Start importing Assets/MODELS/Quirky Series Ultimate/Quirky Series Vol.4/Sea Vol.2/Models/Whale_LOD0.fbx using Guid(bc740a2107f16d44d8ce9dedda02cde9) Importer(815301076,1909f56bfc062723c751e8b465ee728b)  -> (artifact id: '2ba61754655fef077514e3287850b927') in 0.362569 seconds
Number of updated asset objects reloaded before import = 0
Number of asset objects unloaded after import = 24
========================================================================
Received Import Request.
  Time since last request: 0.000026 seconds.
  path: Assets/MODELS/Quirky Series Ultimate/Quirky Series Vol.4/River Vol.2/Prefabs/Otter.prefab
  artifactKey: Guid(6fd25a8d3adc1364398e9e47a20c8ec4) Importer(815301076,1909f56bfc062723c751e8b465ee728b)
Start importing Assets/MODELS/Quirky Series Ultimate/Quirky Series Vol.4/River Vol.2/Prefabs/Otter.prefab using Guid(6fd25a8d3adc1364398e9e47a20c8ec4) Importer(815301076,1909f56bfc062723c751e8b465ee728b)  -> (artifact id: '180e0311d84231c0f2281a3ba0f3e739') in 0.384946 seconds
Number of updated asset objects reloaded before import = 0
Number of asset objects unloaded after import = 107
========================================================================
Received Import Request.
  Time since last request: 0.000023 seconds.
  path: Assets/MODELS/Quirky Series Ultimate/Quirky Series Vol.4/River Vol.2/Prefabs/RiverDolphin.prefab
  artifactKey: Guid(48f40b88d55a54549b191ae3b620f745) Importer(815301076,1909f56bfc062723c751e8b465ee728b)
Start importing Assets/MODELS/Quirky Series Ultimate/Quirky Series Vol.4/River Vol.2/Prefabs/RiverDolphin.prefab using Guid(48f40b88d55a54549b191ae3b620f745) Importer(815301076,1909f56bfc062723c751e8b465ee728b)  -> (artifact id: 'fec09efc77afbaf0e1e8ed405b02a95e') in 0.375298 seconds
Number of updated asset objects reloaded before import = 0
Number of asset objects unloaded after import = 101
========================================================================
Received Import Request.
  Time since last request: 0.000028 seconds.
  path: Assets/MODELS/Quirky Series Ultimate/Quirky Series Vol.4/River Vol.2/Prefabs/Piranha.prefab
  artifactKey: Guid(4db18ef25dc37d845a0d239f8830c269) Importer(815301076,1909f56bfc062723c751e8b465ee728b)
Start importing Assets/MODELS/Quirky Series Ultimate/Quirky Series Vol.4/River Vol.2/Prefabs/Piranha.prefab using Guid(4db18ef25dc37d845a0d239f8830c269) Importer(815301076,1909f56bfc062723c751e8b465ee728b)  -> (artifact id: '738892f73bfdf2a9cad07369429eb4cf') in 0.311651 seconds
Number of updated asset objects reloaded before import = 0
Number of asset objects unloaded after import = 103
========================================================================
Received Import Request.
  Time since last request: 0.000021 seconds.
  path: Assets/MODELS/Quirky Series Ultimate/Quirky Series Vol.4/River Vol.2/Prefabs/Shoebill.prefab
  artifactKey: Guid(75e21ac8cb19d974190ca5f59c2b26fc) Importer(815301076,1909f56bfc062723c751e8b465ee728b)
Start importing Assets/MODELS/Quirky Series Ultimate/Quirky Series Vol.4/River Vol.2/Prefabs/Shoebill.prefab using Guid(75e21ac8cb19d974190ca5f59c2b26fc) Importer(815301076,1909f56bfc062723c751e8b465ee728b)  -> (artifact id: 'fa523d75e3dbd46cdcf55bd1c6d029dd') in 0.249073 seconds
Number of updated asset objects reloaded before import = 0
Number of asset objects unloaded after import = 109
========================================================================
Received Import Request.
  Time since last request: 3.177586 seconds.
  path: Assets/MODELS/Quirky Series Ultimate/Quirky Series Vol.4/River Vol.2/Models/Alligator_LOD2.fbx
  artifactKey: Guid(8973809bf9c805e4687a8ae61c551861) Importer(815301076,1909f56bfc062723c751e8b465ee728b)
Start importing Assets/MODELS/Quirky Series Ultimate/Quirky Series Vol.4/River Vol.2/Models/Alligator_LOD2.fbx using Guid(8973809bf9c805e4687a8ae61c551861) Importer(815301076,1909f56bfc062723c751e8b465ee728b)  -> (artifact id: 'f1d2c86cdb26767863253a010b51fdf2') in 0.045376 seconds
Number of updated asset objects reloaded before import = 0
Number of asset objects unloaded after import = 28
========================================================================
Received Import Request.
  Time since last request: 0.000016 seconds.
  path: Assets/MODELS/Quirky Series Ultimate/Quirky Series Vol.4/River Vol.2/Models/RiverDolphin_LOD0.fbx
  artifactKey: Guid(5632fd424bc05854f949a8754b798402) Importer(815301076,1909f56bfc062723c751e8b465ee728b)
Start importing Assets/MODELS/Quirky Series Ultimate/Quirky Series Vol.4/River Vol.2/Models/RiverDolphin_LOD0.fbx using Guid(5632fd424bc05854f949a8754b798402) Importer(815301076,1909f56bfc062723c751e8b465ee728b)  -> (artifact id: '1850b4fa21004a1585beb33e70c6da0e') in 0.022201 seconds
Number of updated asset objects reloaded before import = 0
Number of asset objects unloaded after import = 26
========================================================================
Received Import Request.
  Time since last request: 0.000021 seconds.
  path: Assets/MODELS/Quirky Series Ultimate/Quirky Series Vol.4/River Vol.2/Models/Otter_LOD2.fbx
  artifactKey: Guid(7b9a62495de146641934109a3f431b77) Importer(815301076,1909f56bfc062723c751e8b465ee728b)
Start importing Assets/MODELS/Quirky Series Ultimate/Quirky Series Vol.4/River Vol.2/Models/Otter_LOD2.fbx using Guid(7b9a62495de146641934109a3f431b77) Importer(815301076,1909f56bfc062723c751e8b465ee728b)  -> (artifact id: 'a000416184fb4963b2d73ad1c2c8204f') in 0.052219 seconds
Number of updated asset objects reloaded before import = 0
Number of asset objects unloaded after import = 32
========================================================================
Received Import Request.
  Time since last request: 0.000021 seconds.
  path: Assets/MODELS/Quirky Series Ultimate/Quirky Series Vol.4/River Vol.2/Models/RiverDolphin_LOD3.fbx
  artifactKey: Guid(d7c1a2b4444b03f4fb5a062e41008b73) Importer(815301076,1909f56bfc062723c751e8b465ee728b)
Start importing Assets/MODELS/Quirky Series Ultimate/Quirky Series Vol.4/River Vol.2/Models/RiverDolphin_LOD3.fbx using Guid(d7c1a2b4444b03f4fb5a062e41008b73) Importer(815301076,1909f56bfc062723c751e8b465ee728b)  -> (artifact id: '6a9ca32819a98d6e2c9dac045722161c') in 0.023859 seconds
Number of updated asset objects reloaded before import = 0
Number of asset objects unloaded after import = 26
========================================================================
Received Import Request.
  Time since last request: 0.000028 seconds.
  path: Assets/MODELS/Quirky Series Ultimate/Quirky Series Vol.4/River Vol.2/Models/Mudskipper_LOD3.fbx
  artifactKey: Guid(01f6415614450d747bd7249d76028219) Importer(815301076,1909f56bfc062723c751e8b465ee728b)
Start importing Assets/MODELS/Quirky Series Ultimate/Quirky Series Vol.4/River Vol.2/Models/Mudskipper_LOD3.fbx using Guid(01f6415614450d747bd7249d76028219) Importer(815301076,1909f56bfc062723c751e8b465ee728b)  -> (artifact id: '0f2fd35047a90398577a9267a9ba53a0') in 0.029553 seconds
Number of updated asset objects reloaded before import = 0
Number of asset objects unloaded after import = 26
========================================================================
Received Import Request.
  Time since last request: 0.000016 seconds.
  path: Assets/MODELS/Quirky Series Ultimate/Quirky Series Vol.4/River Vol.2/Models/Catfish_LOD3.fbx
  artifactKey: Guid(d257ec46351252246ae2693079138074) Importer(815301076,1909f56bfc062723c751e8b465ee728b)
Start importing Assets/MODELS/Quirky Series Ultimate/Quirky Series Vol.4/River Vol.2/Models/Catfish_LOD3.fbx using Guid(d257ec46351252246ae2693079138074) Importer(815301076,1909f56bfc062723c751e8b465ee728b)  -> (artifact id: 'ad7569bbbc005acb804d6c8ab03861d9') in 0.029242 seconds
Number of updated asset objects reloaded before import = 0
Number of asset objects unloaded after import = 34
========================================================================
Received Import Request.
  Time since last request: 0.000020 seconds.
  path: Assets/MODELS/Quirky Series Ultimate/Quirky Series Vol.4/River Vol.2/Models/RiverDolphin_LOD1.fbx
  artifactKey: Guid(ea67d39fe9e3475428544f547760d2c4) Importer(815301076,1909f56bfc062723c751e8b465ee728b)
Start importing Assets/MODELS/Quirky Series Ultimate/Quirky Series Vol.4/River Vol.2/Models/RiverDolphin_LOD1.fbx using Guid(ea67d39fe9e3475428544f547760d2c4) Importer(815301076,1909f56bfc062723c751e8b465ee728b)  -> (artifact id: '5c4237993c12b99e467978147b2e5f4b') in 0.026537 seconds
Number of updated asset objects reloaded before import = 0
Number of asset objects unloaded after import = 26
========================================================================
Received Import Request.
  Time since last request: 0.000019 seconds.
  path: Assets/MODELS/Quirky Series Ultimate/Quirky Series Vol.4/River Vol.2/Models/Piranha_LOD1.fbx
  artifactKey: Guid(308d82a0b22aaba4aa738615467e128b) Importer(815301076,1909f56bfc062723c751e8b465ee728b)
Start importing Assets/MODELS/Quirky Series Ultimate/Quirky Series Vol.4/River Vol.2/Models/Piranha_LOD1.fbx using Guid(308d82a0b22aaba4aa738615467e128b) Importer(815301076,1909f56bfc062723c751e8b465ee728b)  -> (artifact id: '92ce0736ece1687f569c550638138b6d') in 0.024487 seconds
Number of updated asset objects reloaded before import = 0
Number of asset objects unloaded after import = 28
========================================================================
Received Import Request.
  Time since last request: 0.000016 seconds.
  path: Assets/MODELS/Quirky Series Ultimate/Quirky Series Vol.4/River Vol.2/Models/Mudskipper_LOD2.fbx
  artifactKey: Guid(c3cc4c841190e794baefe5347a613029) Importer(815301076,1909f56bfc062723c751e8b465ee728b)
Start importing Assets/MODELS/Quirky Series Ultimate/Quirky Series Vol.4/River Vol.2/Models/Mudskipper_LOD2.fbx using Guid(c3cc4c841190e794baefe5347a613029) Importer(815301076,1909f56bfc062723c751e8b465ee728b)  -> (artifact id: '2a5972c50251a75440a37dbabfa94bbc') in 0.020186 seconds
Number of updated asset objects reloaded before import = 0
Number of asset objects unloaded after import = 26
========================================================================
Received Import Request.
  Time since last request: 2.477047 seconds.
  path: Assets/MODELS/Quirky Series Ultimate/Quirky Series Vol.3/Models/Goose_LOD3.fbx
  artifactKey: Guid(db22c45e2b95a6f4b9efe0af3579865f) Importer(815301076,1909f56bfc062723c751e8b465ee728b)
Start importing Assets/MODELS/Quirky Series Ultimate/Quirky Series Vol.3/Models/Goose_LOD3.fbx using Guid(db22c45e2b95a6f4b9efe0af3579865f) Importer(815301076,1909f56bfc062723c751e8b465ee728b)  -> (artifact id: '7b85160ed64c748a1f0e4b676177db44') in 0.017595 seconds
Number of updated asset objects reloaded before import = 0
Number of asset objects unloaded after import = 28
========================================================================
Received Import Request.
  Time since last request: 2.664883 seconds.
  path: Assets/MODELS/Quirky Series Ultimate/Quirky Series Vol.2/Sea Vol.1/Models/Clownfish_LOD2.fbx
  artifactKey: Guid(7d2a0948294a6bb4db0cd856258f77da) Importer(815301076,1909f56bfc062723c751e8b465ee728b)
Start importing Assets/MODELS/Quirky Series Ultimate/Quirky Series Vol.2/Sea Vol.1/Models/Clownfish_LOD2.fbx using Guid(7d2a0948294a6bb4db0cd856258f77da) Importer(815301076,1909f56bfc062723c751e8b465ee728b)  -> (artifact id: '15d1dbda8e6604af2178c57889c64df2') in 0.032131 seconds
Number of updated asset objects reloaded before import = 0
Number of asset objects unloaded after import = 34
========================================================================
Received Import Request.
  Time since last request: 0.000019 seconds.
  path: Assets/MODELS/Quirky Series Ultimate/Quirky Series Vol.2/Sea Vol.1/Models/Crab_LOD1.fbx
  artifactKey: Guid(f16d3f0d44b4c844b949b55bce361e0e) Importer(815301076,1909f56bfc062723c751e8b465ee728b)
Start importing Assets/MODELS/Quirky Series Ultimate/Quirky Series Vol.2/Sea Vol.1/Models/Crab_LOD1.fbx using Guid(f16d3f0d44b4c844b949b55bce361e0e) Importer(815301076,1909f56bfc062723c751e8b465ee728b)  -> (artifact id: 'd3a164662c0494a706288dd5f25940db') in 0.022617 seconds
Number of updated asset objects reloaded before import = 0
Number of asset objects unloaded after import = 36
========================================================================
Received Import Request.
  Time since last request: 0.000025 seconds.
  path: Assets/MODELS/Quirky Series Ultimate/Quirky Series Vol.2/Sea Vol.1/Models/Dolphin_LOD3.fbx
  artifactKey: Guid(ea4525312a0fedc479f32d065d86951f) Importer(815301076,1909f56bfc062723c751e8b465ee728b)
Start importing Assets/MODELS/Quirky Series Ultimate/Quirky Series Vol.2/Sea Vol.1/Models/Dolphin_LOD3.fbx using Guid(ea4525312a0fedc479f32d065d86951f) Importer(815301076,1909f56bfc062723c751e8b465ee728b)  -> (artifact id: '09831ea585eced955150ec5120609ac8') in 0.049378 seconds
Number of updated asset objects reloaded before import = 0
Number of asset objects unloaded after import = 28
========================================================================
Received Import Request.
  Time since last request: 0.000012 seconds.
  path: Assets/MODELS/Quirky Series Ultimate/Quirky Series Vol.2/Sea Vol.1/Models/Crab_LOD2.fbx
  artifactKey: Guid(2e32a7b300024014b9bd13526a7ed7a3) Importer(815301076,1909f56bfc062723c751e8b465ee728b)
Start importing Assets/MODELS/Quirky Series Ultimate/Quirky Series Vol.2/Sea Vol.1/Models/Crab_LOD2.fbx using Guid(2e32a7b300024014b9bd13526a7ed7a3) Importer(815301076,1909f56bfc062723c751e8b465ee728b)  -> (artifact id: '1e7b8d9e3e2038ab9450bdb7a16faff1') in 0.035360 seconds
Number of updated asset objects reloaded before import = 0
Number of asset objects unloaded after import = 36
========================================================================
Received Import Request.
  Time since last request: 0.118952 seconds.
  path: Assets/MODELS/Quirky Series Ultimate/Quirky Series Vol.2/Sea Vol.1/Models/Lobster_LOD2.fbx
  artifactKey: Guid(fe538e9b7a94bf5409041083e399e800) Importer(815301076,1909f56bfc062723c751e8b465ee728b)
Start importing Assets/MODELS/Quirky Series Ultimate/Quirky Series Vol.2/Sea Vol.1/Models/Lobster_LOD2.fbx using Guid(fe538e9b7a94bf5409041083e399e800) Importer(815301076,1909f56bfc062723c751e8b465ee728b)  -> (artifact id: '359df5fb106c7f19dbd13d0842750368') in 0.165267 seconds
Number of updated asset objects reloaded before import = 0
Number of asset objects unloaded after import = 38
========================================================================
Received Import Request.
  Time since last request: 0.000020 seconds.
  path: Assets/MODELS/Quirky Series Ultimate/Quirky Series Vol.2/Sea Vol.1/Models/Orca_LOD2.fbx
  artifactKey: Guid(dc6812e8420727e4bb763e6f10595ed4) Importer(815301076,1909f56bfc062723c751e8b465ee728b)
Start importing Assets/MODELS/Quirky Series Ultimate/Quirky Series Vol.2/Sea Vol.1/Models/Orca_LOD2.fbx using Guid(dc6812e8420727e4bb763e6f10595ed4) Importer(815301076,1909f56bfc062723c751e8b465ee728b)  -> (artifact id: '85e695a6b0662e19f04d5280f40d25b3') in 0.243243 seconds
Number of updated asset objects reloaded before import = 0
Number of asset objects unloaded after import = 28
========================================================================
Received Import Request.
  Time since last request: 0.000029 seconds.
  path: Assets/MODELS/Quirky Series Ultimate/Quirky Series Vol.2/Sea Vol.1/Models/SeaHorse_LOD1.fbx
  artifactKey: Guid(341853c574233f04da9374a643b6ff16) Importer(815301076,1909f56bfc062723c751e8b465ee728b)
Start importing Assets/MODELS/Quirky Series Ultimate/Quirky Series Vol.2/Sea Vol.1/Models/SeaHorse_LOD1.fbx using Guid(341853c574233f04da9374a643b6ff16) Importer(815301076,1909f56bfc062723c751e8b465ee728b)  -> (artifact id: '24deae818f87add6ab026eb63cc9b7b3') in 0.184019 seconds
Number of updated asset objects reloaded before import = 0
Number of asset objects unloaded after import = 24
========================================================================
Received Import Request.
  Time since last request: 0.000014 seconds.
  path: Assets/MODELS/Quirky Series Ultimate/Quirky Series Vol.2/Sea Vol.1/Models/SeaHorse_LOD0.fbx
  artifactKey: Guid(5add82fc1450bdb4e9166b3c7b270685) Importer(815301076,1909f56bfc062723c751e8b465ee728b)
Start importing Assets/MODELS/Quirky Series Ultimate/Quirky Series Vol.2/Sea Vol.1/Models/SeaHorse_LOD0.fbx using Guid(5add82fc1450bdb4e9166b3c7b270685) Importer(815301076,1909f56bfc062723c751e8b465ee728b)  -> (artifact id: 'eb348cbe78c28d8014ac6ca3e6a591f1') in 0.452310 seconds
Number of updated asset objects reloaded before import = 0
Number of asset objects unloaded after import = 24
Editor requested this worker to shutdown with reason: Scaling down because of idle timeout
TcpMessagingSession - receive error: operation aborted. errorcode: 995, details: Der E/A-Vorgang wurde wegen eines Threadendes oder einer Anwendungsanforderung abgebrochen.
AssetImportWorker is now disconnected from the server
Process exiting
Exiting without the bug reporter. Application will terminate with return code 0